converged SCF energy = -75.6787447109035
E(CCSD) = -75.72870365865477  E_corr = -0.04995894775129354
CCSD correlation energy -0.049958947751293545
-84.8687455344553 -84.86874553445531
starting kernel
CCD portion of E: -84.8687455344553
UCC portion of E: 0.0
UCC(4) energy is:  -84.8687455344553
CCD portion of E: -84.90462755024095
UCC portion of E: 0.001005424553561605
UCC(4) energy is:  -84.90513026251773
	Iteration     0	-84.905130262517730	 0.036384728062430
CCD portion of E: -84.91397078397327
UCC portion of E: 0.002051947044244271
UCC(4) energy is:  -84.91499675749539
	Iteration     1	-84.914996757495388	 0.009866494977658
CCD portion of E: -84.91679896951186
UCC portion of E: 0.0024934155464231937
UCC(4) energy is:  -84.91804567728506
	Iteration     2	-84.918045677285065	 0.003048919789677
CCD portion of E: -84.91774218276011
UCC portion of E: 0.002659941700561541
UCC(4) energy is:  -84.91907215361039
	Iteration     3	-84.919072153610387	 0.001026476325322
CCD portion of E: -84.91808350327494
UCC portion of E: 0.0027234184830131417
UCC(4) energy is:  -84.91944521251645
	Iteration     4	-84.919445212516450	 0.000373058906064
CCD portion of E: -84.91830361422504
UCC portion of E: 0.0027653924893404477
UCC(4) energy is:  -84.91968631046971
	Iteration     5	-84.919686310469714	 0.000241097953264
CCD portion of E: -84.91829846017363
UCC portion of E: 0.0027644619440268074
UCC(4) energy is:  -84.91968069114564
	Iteration     6	-84.919680691145643	 0.000005619324071
CCD portion of E: -84.91829914411883
UCC portion of E: 0.002764535359230057
UCC(4) energy is:  -84.91968141179845
	Iteration     7	-84.919681411798450	 0.000000720652807
CCD portion of E: -84.91829911880667
UCC portion of E: 0.002764529881508713
UCC(4) energy is:  -84.91968138374743
	Iteration     8	-84.919681383747431	 0.000000028051019
CCD portion of E: -84.91829912453217
UCC portion of E: 0.002764531039023189
UCC(4) energy is:  -84.91968139005168
ending kernel
pdagq shapes: (4, 4, 10, 10) (10, 4, 10, 10)
trip E: -7.779478751410916e-05
CCD portion of E: -84.91829912453217
UCC portion of E: 0.002764531039023189
UCC(4) energy is:  -84.91968139005168
-0.05093585559636438
