
    SCF Total Energy:             -99.983408933282


    ==> CCSDT amplitude equations <==

     Iter               Energy                 |dE|                 |dT|

        0      -0.128694220703       0.128694220703       1.553658914166

        1      -0.128691308911       0.000002911793       0.612422610766

        2      -0.131423550598       0.002732241687       0.136972435191

        3      -0.131880178334       0.000456627736       0.051940493883

        4      -0.132156045943       0.000275867609       0.018651205718

        5      -0.132233680751       0.000077634808       0.008108177592

        6      -0.132272615871       0.000038935120       0.003229293109

        7      -0.132285959863       0.000013343991       0.001459031046

        8      -0.132292255893       0.000006296030       0.000610596022

        9      -0.132294623375       0.000002367482       0.000281521080

       10      -0.132295718441       0.000001095065       0.000122304242

       11      -0.132296153136       0.000000434696       0.000057121369

       12      -0.132296353231       0.000000200094       0.000025564827

       13      -0.132296435714       0.000000082483       0.000012045100

       14      -0.132296473721       0.000000038007       0.000005513779

       15      -0.132296489854       0.000000016132       0.000002614122

       16      -0.132296497312       0.000000007459       0.000001216270

       17      -0.132296500555       0.000000003242       0.000000579228

       18      -0.132296502060       0.000000001505       0.000000272551

       19      -0.132296502727       0.000000000667       0.000000130209

       20      -0.132296503038       0.000000000311       0.000000061735

       21      -0.132296503179       0.000000000140       0.000000029557

       22      -0.132296503244       0.000000000066       0.000000014084

       23      -0.132296503274       0.000000000030       0.000000006753

       24      -0.132296503288       0.000000000014       0.000000003228

       25      -0.132296503295       0.000000000007       0.000000001549

       26      -0.132296503298       0.000000000003       0.000000000742

       27      -0.132296503299       0.000000000001       0.000000000356

       28      -0.132296503300       0.000000000001       0.000000000171

       29      -0.132296503300       0.000000000000       0.000000000082



    CCSDTQf-1 Correlation Energy:      -0.132296503300
    CCSDTQf-1 Total Energy:          -100.115705436583


