
    SCF Total Energy:             -99.983408933282


    ==> CCSDT amplitude equations <==

     Iter               Energy                 |dE|                 |dT|

done with quads
        0      -0.128694220703       0.128694220703       1.553658914166

done with quads
        1      -0.128176824491       0.000517396212       0.614032693154

done with quads
        2      -0.130957780773       0.002780956282       0.137189642661

done with quads
        3      -0.131432403498       0.000474622725       0.052256505227

done with quads
        4      -0.131711200563       0.000278797065       0.018731864226

done with quads
        5      -0.131790625219       0.000079424656       0.008207618947

done with quads
        6      -0.131830169877       0.000039544657       0.003283767046

done with quads
        7      -0.131843896338       0.000013726462       0.001495400051

done with quads
        8      -0.131850337373       0.000006441035       0.000631221339

done with quads
        9      -0.131852793427       0.000002456054       0.000293322069

done with quads
       10      -0.131853925157       0.000001131730       0.000128801125

done with quads
       11      -0.131854381115       0.000000455957       0.000060613256

done with quads
       12      -0.131854590537       0.000000209422       0.000027430370

done with quads
       13      -0.131854678205       0.000000087668       0.000013016576

done with quads
       14      -0.131854718573       0.000000040367       0.000006021228

done with quads
       15      -0.131854735977       0.000000017404       0.000002873861

done with quads
       16      -0.131854744028       0.000000008051       0.000001349914

done with quads
       17      -0.131854747582       0.000000003554       0.000000646992

done with quads
       18      -0.131854749235       0.000000001653       0.000000307090

done with quads
       19      -0.131854749979       0.000000000744       0.000000147633

done with quads
       20      -0.131854750327       0.000000000348       0.000000070564

done with quads
       21      -0.131854750486       0.000000000159       0.000000034000

done with quads
       22      -0.131854750561       0.000000000075       0.000000016327

done with quads
       23      -0.131854750595       0.000000000035       0.000000007880

done with quads
       24      -0.131854750612       0.000000000016       0.000000003796

done with quads
       25      -0.131854750619       0.000000000008       0.000000001834

done with quads
       26      -0.131854750623       0.000000000004       0.000000000885

done with quads
       27      -0.131854750625       0.000000000002       0.000000000428

done with quads
       28      -0.131854750626       0.000000000001       0.000000000207

done with quads
       29      -0.131854750626       0.000000000000       0.000000000100

done with quads
       30      -0.131854750626       0.000000000000       0.000000000048



    CCSDTQ-1 Correlation Energy:      -0.131854750626
    CCSDTQ-1 Total Energy:          -100.115263683908


shape of l2, t4f,g: (10, 10, 12, 12) (12, 12, 12, 12, 10, 10, 10, 10) (22, 22, 22, 22)
done with resid quads

Qf correction:  -0.0003576962288535416
CCSDTQ-1 total correlation energy:  -0.13221244685491498

