
    SCF Total Energy:            -100.000746998235


    ==> CCSDT amplitude equations <==

     Iter               Energy                 |dE|                 |dT|

        0      -0.179771284177       0.179771284177       1.897555392052

        1      -0.180705880130       0.000934595952       0.878158012613

        2      -0.184909796406       0.004203916276       0.178836115580

        3      -0.185273296446       0.000363500040       0.065807855744

        4      -0.185611474948       0.000338178502       0.022559822445

        5      -0.185673781873       0.000062306925       0.010003657876

        6      -0.185716727233       0.000042945360       0.003973071349

        7      -0.185727974790       0.000011247557       0.001882863526

        8      -0.185734730529       0.000006755739       0.000798899919

        9      -0.185736859771       0.000002129242       0.000391718102

       10      -0.185738055968       0.000001196197       0.000174774156

       11      -0.185738478812       0.000000422844       0.000087422146

       12      -0.185738707872       0.000000229059       0.000040657747

       13      -0.185738795713       0.000000087841       0.000020556711

       14      -0.185738842256       0.000000046544       0.000009864218

       15      -0.185738861260       0.000000019004       0.000005011613

       16      -0.185738871184       0.000000009924       0.000002456722

       17      -0.185738875443       0.000000004259       0.000001250147

       18      -0.185738877644       0.000000002202       0.000000621185

       19      -0.185738878628       0.000000000983       0.000000316120

       20      -0.185738879132       0.000000000505       0.000000158373

       21      -0.185738879365       0.000000000233       0.000000080553

       22      -0.185738879484       0.000000000119       0.000000040553

       23      -0.185738879540       0.000000000056       0.000000020613

       24      -0.185738879568       0.000000000029       0.000000010407

       25      -0.185738879582       0.000000000014       0.000000005286

       26      -0.185738879589       0.000000000007       0.000000002673

       27      -0.185738879592       0.000000000003       0.000000001357

       28      -0.185738879594       0.000000000002       0.000000000687

       29      -0.185738879595       0.000000000001       0.000000000349

       30      -0.185738879595       0.000000000000       0.000000000177

       31      -0.185738879595       0.000000000000       0.000000000090



    CCSDT Correlation Energy:      -0.185738879595
    CCSDT Total Energy:          -100.186485877830


factorized Qf energy contribution: -0.0006567539109714495
done with quads
done with resid quads

constructed full t4
Qf correction:  -0.0003283852057682791
Total correlation energy for CCSDT(Qf), should match to ACESII: -0.18606726480117342

